This is pdfTeX, Version 3.14159265-2.6-1.40.19 (MiKTeX 2.9.6840 64-bit) (preloaded format=pdflatex 2018.12.8)  9 DEC 2018 21:41
entering extended mode
**./Demidova2018Project25.tex
(Demidova2018Project25.tex
LaTeX2e <2018-04-01> patch level 5
("C:\Users\demid\AppData\Local\Programs\MiKTeX 2.9\tex\latex\base\article.cls"
Document Class: article 2014/09/29 v1.4h Standard LaTeX document class
("C:\Users\demid\AppData\Local\Programs\MiKTeX 2.9\tex\latex\base\size12.clo"
File: size12.clo 2014/09/29 v1.4h Standard LaTeX file (size option)
)
\c@part=\count80
\c@section=\count81
\c@subsection=\count82
\c@subsubsection=\count83
\c@paragraph=\count84
\c@subparagraph=\count85
\c@figure=\count86
\c@table=\count87
\abovecaptionskip=\skip41
\belowcaptionskip=\skip42
\bibindent=\dimen102
) (jmlda.sty
Package: jmlda 2012/21/12 Journal of Machine Learning and Data Analysis

("C:\Users\demid\AppData\Local\Programs\MiKTeX 2.9\tex\latex\etex-pkg\etex.sty"
Package: etex 2016/08/01 v2.7 eTeX basic definition package (PEB,DPC)
\et@xins=\count88
)
("C:\Users\demid\AppData\Local\Programs\MiKTeX 2.9\tex\latex\fancyhdr\fancyhdr.
sty"
Package: fancyhdr 2017/06/30 v3.9a Extensive control of page headers and footer
s
\f@nch@headwidth=\skip43
\f@nch@O@elh=\skip44
\f@nch@O@erh=\skip45
\f@nch@O@olh=\skip46
\f@nch@O@orh=\skip47
\f@nch@O@elf=\skip48
\f@nch@O@erf=\skip49
\f@nch@O@olf=\skip50
\f@nch@O@orf=\skip51
)
("C:\Users\demid\AppData\Local\Programs\MiKTeX 2.9\tex\latex\enumitem\enumitem.
sty"
Package: enumitem 2018/11/30 v3.6 Customized lists
\enitkv@toks@=\toks14
\labelindent=\skip52
\enit@outerparindent=\dimen103
\enit@toks=\toks15
\enit@inbox=\box26
\enitdp@description=\count89
)
("C:\Users\demid\AppData\Local\Programs\MiKTeX 2.9\tex\latex\hyphenat\hyphenat.
sty"
Package: hyphenat 2009/09/02 v2.3c hyphenation utilities
\langwohyphens=\language76
LaTeX Info: Redefining \_ on input line 43.
) ("C:\Users\demid\AppData\Local\Programs\MiKTeX 2.9\tex\latex\cite\cite.sty"
LaTeX Info: Redefining \cite on input line 302.
LaTeX Info: Redefining \nocite on input line 332.
Package: cite 2015/02/27  v 5.5
) ("C:\Users\demid\AppData\Local\Programs\MiKTeX 2.9\tex\latex\cmap\cmap.sty"
Package: cmap 2008/03/06 v1.0h CMap support: searchable PDF
) ("C:\Users\demid\AppData\Local\Programs\MiKTeX 2.9\tex\latex\base\fontenc.sty
"
Package: fontenc 2017/04/05 v2.0i Standard LaTeX package

("C:\Users\demid\AppData\Local\Programs\MiKTeX 2.9\tex\latex\cyrillic\t2aenc.de
f"
File: t2aenc.def 2005/09/27 v1.0i Cyrillic encoding definition file
Now handling font encoding T2A ...
... processing UTF-8 mapping file for font encoding T2A
 ("C:\Users\demid\AppData\Local\Programs\MiKTeX 2.9\tex\latex\base\t2aenc.dfu"
File: t2aenc.dfu 2018/04/05 v1.2c UTF-8 support for inputenc
   defining Unicode char U+00A4 (decimal 164)
   defining Unicode char U+00A7 (decimal 167)
   defining Unicode char U+00AB (decimal 171)
   defining Unicode char U+00BB (decimal 187)
   defining Unicode char U+0131 (decimal 305)
   defining Unicode char U+0400 (decimal 1024)
   defining Unicode char U+0401 (decimal 1025)
   defining Unicode char U+0402 (decimal 1026)
   defining Unicode char U+0403 (decimal 1027)
   defining Unicode char U+0404 (decimal 1028)
   defining Unicode char U+0405 (decimal 1029)
   defining Unicode char U+0406 (decimal 1030)
   defining Unicode char U+0407 (decimal 1031)
   defining Unicode char U+0408 (decimal 1032)
   defining Unicode char U+0409 (decimal 1033)
   defining Unicode char U+040A (decimal 1034)
   defining Unicode char U+040B (decimal 1035)
   defining Unicode char U+040C (decimal 1036)
   defining Unicode char U+040D (decimal 1037)
   defining Unicode char U+040E (decimal 1038)
   defining Unicode char U+040F (decimal 1039)
   defining Unicode char U+0410 (decimal 1040)
   defining Unicode char U+0411 (decimal 1041)
   defining Unicode char U+0412 (decimal 1042)
   defining Unicode char U+0413 (decimal 1043)
   defining Unicode char U+0414 (decimal 1044)
   defining Unicode char U+0415 (decimal 1045)
   defining Unicode char U+0416 (decimal 1046)
   defining Unicode char U+0417 (decimal 1047)
   defining Unicode char U+0418 (decimal 1048)
   defining Unicode char U+0419 (decimal 1049)
   defining Unicode char U+041A (decimal 1050)
   defining Unicode char U+041B (decimal 1051)
   defining Unicode char U+041C (decimal 1052)
   defining Unicode char U+041D (decimal 1053)
   defining Unicode char U+041E (decimal 1054)
   defining Unicode char U+041F (decimal 1055)
   defining Unicode char U+0420 (decimal 1056)
   defining Unicode char U+0421 (decimal 1057)
   defining Unicode char U+0422 (decimal 1058)
   defining Unicode char U+0423 (decimal 1059)
   defining Unicode char U+0424 (decimal 1060)
   defining Unicode char U+0425 (decimal 1061)
   defining Unicode char U+0426 (decimal 1062)
   defining Unicode char U+0427 (decimal 1063)
   defining Unicode char U+0428 (decimal 1064)
   defining Unicode char U+0429 (decimal 1065)
   defining Unicode char U+042A (decimal 1066)
   defining Unicode char U+042B (decimal 1067)
   defining Unicode char U+042C (decimal 1068)
   defining Unicode char U+042D (decimal 1069)
   defining Unicode char U+042E (decimal 1070)
   defining Unicode char U+042F (decimal 1071)
   defining Unicode char U+0430 (decimal 1072)
   defining Unicode char U+0431 (decimal 1073)
   defining Unicode char U+0432 (decimal 1074)
   defining Unicode char U+0433 (decimal 1075)
   defining Unicode char U+0434 (decimal 1076)
   defining Unicode char U+0435 (decimal 1077)
   defining Unicode char U+0436 (decimal 1078)
   defining Unicode char U+0437 (decimal 1079)
   defining Unicode char U+0438 (decimal 1080)
   defining Unicode char U+0439 (decimal 1081)
   defining Unicode char U+043A (decimal 1082)
   defining Unicode char U+043B (decimal 1083)
   defining Unicode char U+043C (decimal 1084)
   defining Unicode char U+043D (decimal 1085)
   defining Unicode char U+043E (decimal 1086)
   defining Unicode char U+043F (decimal 1087)
   defining Unicode char U+0440 (decimal 1088)
   defining Unicode char U+0441 (decimal 1089)
   defining Unicode char U+0442 (decimal 1090)
   defining Unicode char U+0443 (decimal 1091)
   defining Unicode char U+0444 (decimal 1092)
   defining Unicode char U+0445 (decimal 1093)
   defining Unicode char U+0446 (decimal 1094)
   defining Unicode char U+0447 (decimal 1095)
   defining Unicode char U+0448 (decimal 1096)
   defining Unicode char U+0449 (decimal 1097)
   defining Unicode char U+044A (decimal 1098)
   defining Unicode char U+044B (decimal 1099)
   defining Unicode char U+044C (decimal 1100)
   defining Unicode char U+044D (decimal 1101)
   defining Unicode char U+044E (decimal 1102)
   defining Unicode char U+044F (decimal 1103)
   defining Unicode char U+0450 (decimal 1104)
   defining Unicode char U+0451 (decimal 1105)
   defining Unicode char U+0452 (decimal 1106)
   defining Unicode char U+0453 (decimal 1107)
   defining Unicode char U+0454 (decimal 1108)
   defining Unicode char U+0455 (decimal 1109)
   defining Unicode char U+0456 (decimal 1110)
   defining Unicode char U+0457 (decimal 1111)
   defining Unicode char U+0458 (decimal 1112)
   defining Unicode char U+0459 (decimal 1113)
   defining Unicode char U+045A (decimal 1114)
   defining Unicode char U+045B (decimal 1115)
   defining Unicode char U+045C (decimal 1116)
   defining Unicode char U+045D (decimal 1117)
   defining Unicode char U+045E (decimal 1118)
   defining Unicode char U+045F (decimal 1119)
   defining Unicode char U+0490 (decimal 1168)
   defining Unicode char U+0491 (decimal 1169)
   defining Unicode char U+0492 (decimal 1170)
   defining Unicode char U+0493 (decimal 1171)
   defining Unicode char U+0496 (decimal 1174)
   defining Unicode char U+0497 (decimal 1175)
   defining Unicode char U+0498 (decimal 1176)
   defining Unicode char U+0499 (decimal 1177)
   defining Unicode char U+049A (decimal 1178)
   defining Unicode char U+049B (decimal 1179)
   defining Unicode char U+049C (decimal 1180)
   defining Unicode char U+049D (decimal 1181)
   defining Unicode char U+04A0 (decimal 1184)
   defining Unicode char U+04A1 (decimal 1185)
   defining Unicode char U+04A2 (decimal 1186)
   defining Unicode char U+04A3 (decimal 1187)
   defining Unicode char U+04A4 (decimal 1188)
   defining Unicode char U+04A5 (decimal 1189)
   defining Unicode char U+04AA (decimal 1194)
   defining Unicode char U+04AB (decimal 1195)
   defining Unicode char U+04AE (decimal 1198)
   defining Unicode char U+04AF (decimal 1199)
   defining Unicode char U+04B0 (decimal 1200)
   defining Unicode char U+04B1 (decimal 1201)
   defining Unicode char U+04B2 (decimal 1202)
   defining Unicode char U+04B3 (decimal 1203)
   defining Unicode char U+04B6 (decimal 1206)
   defining Unicode char U+04B7 (decimal 1207)
   defining Unicode char U+04B8 (decimal 1208)
   defining Unicode char U+04B9 (decimal 1209)
   defining Unicode char U+04BA (decimal 1210)
   defining Unicode char U+04BB (decimal 1211)
   defining Unicode char U+04C0 (decimal 1216)
   defining Unicode char U+04C1 (decimal 1217)
   defining Unicode char U+04C2 (decimal 1218)
   defining Unicode char U+04D0 (decimal 1232)
   defining Unicode char U+04D1 (decimal 1233)
   defining Unicode char U+04D2 (decimal 1234)
   defining Unicode char U+04D3 (decimal 1235)
   defining Unicode char U+04D4 (decimal 1236)
   defining Unicode char U+04D5 (decimal 1237)
   defining Unicode char U+04D6 (decimal 1238)
   defining Unicode char U+04D7 (decimal 1239)
   defining Unicode char U+04D8 (decimal 1240)
   defining Unicode char U+04D9 (decimal 1241)
   defining Unicode char U+04DA (decimal 1242)
   defining Unicode char U+04DB (decimal 1243)
   defining Unicode char U+04DC (decimal 1244)
   defining Unicode char U+04DD (decimal 1245)
   defining Unicode char U+04DE (decimal 1246)
   defining Unicode char U+04DF (decimal 1247)
   defining Unicode char U+04E2 (decimal 1250)
   defining Unicode char U+04E3 (decimal 1251)
   defining Unicode char U+04E4 (decimal 1252)
   defining Unicode char U+04E5 (decimal 1253)
   defining Unicode char U+04E6 (decimal 1254)
   defining Unicode char U+04E7 (decimal 1255)
   defining Unicode char U+04E8 (decimal 1256)
   defining Unicode char U+04E9 (decimal 1257)
   defining Unicode char U+04EC (decimal 1260)
   defining Unicode char U+04ED (decimal 1261)
   defining Unicode char U+04EE (decimal 1262)
   defining Unicode char U+04EF (decimal 1263)
   defining Unicode char U+04F0 (decimal 1264)
   defining Unicode char U+04F1 (decimal 1265)
   defining Unicode char U+04F2 (decimal 1266)
   defining Unicode char U+04F3 (decimal 1267)
   defining Unicode char U+04F4 (decimal 1268)
   defining Unicode char U+04F5 (decimal 1269)
   defining Unicode char U+04F8 (decimal 1272)
   defining Unicode char U+04F9 (decimal 1273)
   defining Unicode char U+200C (decimal 8204)
   defining Unicode char U+2013 (decimal 8211)
   defining Unicode char U+2014 (decimal 8212)
   defining Unicode char U+2018 (decimal 8216)
   defining Unicode char U+2019 (decimal 8217)
   defining Unicode char U+201C (decimal 8220)
   defining Unicode char U+201D (decimal 8221)
   defining Unicode char U+201E (decimal 8222)
   defining Unicode char U+2030 (decimal 8240)
   defining Unicode char U+2031 (decimal 8241)
   defining Unicode char U+2116 (decimal 8470)
   defining Unicode char U+2329 (decimal 9001)
   defining Unicode char U+232A (decimal 9002)
   defining Unicode char U+2423 (decimal 9251)
))
LaTeX Font Info:    Try loading font information for T2A+cmr on input line 105.


("C:\Users\demid\AppData\Local\Programs\MiKTeX 2.9\tex\latex\cyrillic\t2acmr.fd
"
File: t2acmr.fd 2001/08/11 v1.0a Computer Modern Cyrillic font definitions
)<<t2a.cmap>>)
("C:\Users\demid\AppData\Local\Programs\MiKTeX 2.9\tex\latex\base\inputenc.sty"
Package: inputenc 2018/04/06 v1.3b Input encoding file
\inpenc@prehook=\toks16
\inpenc@posthook=\toks17
) ("C:\Users\demid\AppData\Local\Programs\MiKTeX 2.9\tex\generic\babel\babel.st
y"
Package: babel 2018/09/26 3.24 The Babel package

("C:\Users\demid\AppData\Local\Programs\MiKTeX 2.9\tex\generic\babel\switch.def
"
File: switch.def 2018/09/26 3.24 Babel switching mechanism
)
*************************************
* Local config file bblopts.cfg used
*
("C:\Users\demid\AppData\Local\Programs\MiKTeX 2.9\tex\latex\arabi\bblopts.cfg"
File: bblopts.cfg 2005/09/08 v0.1 add Arabic and Farsi to "declared" options of
 babel
)
("C:\Users\demid\AppData\Local\Programs\MiKTeX 2.9\tex\latex\babel-english\engl
ish.ldf"
Language: english 2017/06/06 v3.3r English support from the babel system

("C:\Users\demid\AppData\Local\Programs\MiKTeX 2.9\tex\generic\babel\babel.def"
File: babel.def 2018/09/26 3.24 Babel common definitions
\babel@savecnt=\count90
\U@D=\dimen104

("C:\Users\demid\AppData\Local\Programs\MiKTeX 2.9\tex\generic\babel\txtbabel.d
ef")
\bbl@dirlevel=\count91
)
\l@canadian = a dialect from \language\l@american 
\l@australian = a dialect from \language\l@british 
\l@newzealand = a dialect from \language\l@british 
)
("C:\Users\demid\AppData\Local\Programs\MiKTeX 2.9\tex\latex\babel-russian\russ
ianb.ldf"
Language: russian 2017/08/12 1.3j Russian support for the Babel system
Package babel Info: Making " an active character on input line 120.
Package babel Info: Default for \cyrdash is provided on input line 157.
))
("C:\Users\demid\AppData\Local\Programs\MiKTeX 2.9\tex\latex\amsfonts\amssymb.s
ty"
Package: amssymb 2013/01/14 v3.01 AMS font symbols

("C:\Users\demid\AppData\Local\Programs\MiKTeX 2.9\tex\latex\amsfonts\amsfonts.
sty"
Package: amsfonts 2013/01/14 v3.01 Basic AMSFonts support
\@emptytoks=\toks18
\symAMSa=\mathgroup4
\symAMSb=\mathgroup5
LaTeX Font Info:    Overwriting math alphabet `\mathfrak' in version `bold'
(Font)                  U/euf/m/n --> U/euf/b/n on input line 106.
))
("C:\Users\demid\AppData\Local\Programs\MiKTeX 2.9\tex\latex\amsmath\amsmath.st
y"
Package: amsmath 2017/09/02 v2.17a AMS math features
\@mathmargin=\skip53

For additional information on amsmath, use the `?' option.

("C:\Users\demid\AppData\Local\Programs\MiKTeX 2.9\tex\latex\amsmath\amstext.st
y"
Package: amstext 2000/06/29 v2.01 AMS text

("C:\Users\demid\AppData\Local\Programs\MiKTeX 2.9\tex\latex\amsmath\amsgen.sty
"
File: amsgen.sty 1999/11/30 v2.0 generic functions
\@emptytoks=\toks19
\ex@=\dimen105
))
("C:\Users\demid\AppData\Local\Programs\MiKTeX 2.9\tex\latex\amsmath\amsbsy.sty
"
Package: amsbsy 1999/11/29 v1.2d Bold Symbols
\pmbraise@=\dimen106
)
("C:\Users\demid\AppData\Local\Programs\MiKTeX 2.9\tex\latex\amsmath\amsopn.sty
"
Package: amsopn 2016/03/08 v2.02 operator names
)
\inf@bad=\count92
LaTeX Info: Redefining \frac on input line 213.
\uproot@=\count93
\leftroot@=\count94
LaTeX Info: Redefining \overline on input line 375.
\classnum@=\count95
\DOTSCASE@=\count96
LaTeX Info: Redefining \ldots on input line 472.
LaTeX Info: Redefining \dots on input line 475.
LaTeX Info: Redefining \cdots on input line 596.
\Mathstrutbox@=\box27
\strutbox@=\box28
\big@size=\dimen107
LaTeX Font Info:    Redeclaring font encoding OML on input line 712.
LaTeX Font Info:    Redeclaring font encoding OMS on input line 713.
\macc@depth=\count97
\c@MaxMatrixCols=\count98
\dotsspace@=\muskip10
\c@parentequation=\count99
\dspbrk@lvl=\count100
\tag@help=\toks20
\row@=\count101
\column@=\count102
\maxfields@=\count103
\andhelp@=\toks21
\eqnshift@=\dimen108
\alignsep@=\dimen109
\tagshift@=\dimen110
\tagwidth@=\dimen111
\totwidth@=\dimen112
\lineht@=\dimen113
\@envbody=\toks22
\multlinegap=\skip54
\multlinetaggap=\skip55
\mathdisplay@stack=\toks23
LaTeX Info: Redefining \[ on input line 2817.
LaTeX Info: Redefining \] on input line 2818.
)
("C:\Users\demid\AppData\Local\Programs\MiKTeX 2.9\tex\latex\jknappen\mathrsfs.
sty"
Package: mathrsfs 1996/01/01 Math RSFS package v1.0 (jk)
\symrsfs=\mathgroup6
)
("C:\Users\demid\AppData\Local\Programs\MiKTeX 2.9\tex\latex\amsfonts\euscript.
sty"
Package: euscript 2009/06/22 v3.00 Euler Script fonts
LaTeX Font Info:    Overwriting math alphabet `\EuScript' in version `bold'
(Font)                  U/eus/m/n --> U/eus/b/n on input line 33.
)
("C:\Users\demid\AppData\Local\Programs\MiKTeX 2.9\tex\latex\was\upgreek.sty"
Package: upgreek 2003/02/12 v2.0 (WaS)
Package upgreek Info: Using Euler Roman for upright Greek on input line 31.
\symugrf@m=\mathgroup7
LaTeX Font Info:    Overwriting symbol font `ugrf@m' in version `bold'
(Font)                  U/eur/m/n --> U/eur/b/n on input line 38.
)
("C:\Users\demid\AppData\Local\Programs\MiKTeX 2.9\tex\latex\lineno\lineno.sty"
Package: lineno 2005/11/02 line numbers on paragraphs v4.41
\linenopenalty=\count104
\output=\toks24
\linenoprevgraf=\count105
\linenumbersep=\dimen114
\linenumberwidth=\dimen115
\c@linenumber=\count106
\c@pagewiselinenumber=\count107
\c@LN@truepage=\count108

Package lineno Warning: Option [displaymath] is obsolete -- default now!.

\c@internallinenumber=\count109
\c@internallinenumbers=\count110
\quotelinenumbersep=\dimen116
\bframerule=\dimen117
\bframesep=\dimen118
\bframebox=\box29
LaTeX Info: Redefining \\ on input line 3056.
) ("C:\Users\demid\AppData\Local\Programs\MiKTeX 2.9\tex\latex\tools\array.sty"
Package: array 2018/04/30 v2.4h Tabular extension package (FMi)
\col@sep=\dimen119
\ar@mcellbox=\box30
\extrarowheight=\dimen120
\NC@list=\toks25
\extratabsurround=\skip56
\backup@length=\skip57
\ar@cellbox=\box31
) ("C:\Users\demid\AppData\Local\Programs\MiKTeX 2.9\tex\latex\tools\theorem.st
y"
Package: theorem 2014/10/28 v2.2c Theorem extension package (FMi)
\theorem@style=\toks26
\theorem@bodyfont=\toks27
\theorempreskipamount=\skip58
\theorempostskipamount=\skip59
 ("C:\Users\demid\AppData\Local\Programs\MiKTeX 2.9\tex\latex\tools\thp.sty"
File: thp.sty 2014/10/28 v2.2c Theorem extension package (FMi)
))
("C:\Users\demid\AppData\Local\Programs\MiKTeX 2.9\tex\latex\algorithms\algorit
hm.sty"
Package: algorithm 2009/08/24 v0.1 Document Style `algorithm' - floating enviro
nment

("C:\Users\demid\AppData\Local\Programs\MiKTeX 2.9\tex\latex\float\float.sty"
Package: float 2001/11/08 v1.3d Float enhancements (AL)
\c@float@type=\count111
\float@exts=\toks28
\float@box=\box32
\@float@everytoks=\toks29
\@floatcapt=\box33
)
("C:\Users\demid\AppData\Local\Programs\MiKTeX 2.9\tex\latex\base\ifthen.sty"
Package: ifthen 2014/09/29 v1.1c Standard LaTeX ifthen package (DPC)
)
\@float@every@algorithm=\toks30
\c@algorithm=\count112
)
("C:\Users\demid\AppData\Local\Programs\MiKTeX 2.9\tex\latex\algorithms\algorit
hmic.sty"
Package: algorithmic 2009/08/24 v0.1 Document Style `algorithmic'

("C:\Users\demid\AppData\Local\Programs\MiKTeX 2.9\tex\latex\graphics\keyval.st
y"
Package: keyval 2014/10/28 v1.15 key=value parser (DPC)
\KV@toks@=\toks31
)
\c@ALC@unique=\count113
\c@ALC@line=\count114
\c@ALC@rem=\count115
\c@ALC@depth=\count116
\ALC@tlm=\skip60
\algorithmicindent=\skip61
) ("C:\Users\demid\AppData\Local\Programs\MiKTeX 2.9\tex\generic\xypic\xy.sty" 
("C:\Users\demid\AppData\Local\Programs\MiKTeX 2.9\tex\generic\xypic\xy.tex" Bo
otstrap'ing: catcodes, docmode,
("C:\Users\demid\AppData\Local\Programs\MiKTeX 2.9\tex\generic\xypic\xyrecat.te
x")
("C:\Users\demid\AppData\Local\Programs\MiKTeX 2.9\tex\generic\xypic\xyidioms.t
ex")

 Xy-pic version 3.8.9 <2013/10/06>
 Copyright (c) 1991-2013 by Kristoffer H. Rose <krisrose@tug.org> and others
 Xy-pic is free software: see the User's Guide for details.

Loading kernel: messages; fonts; allocations: state,
\X@c=\dimen121
\Y@c=\dimen122
\U@c=\dimen123
\D@c=\dimen124
\L@c=\dimen125
\R@c=\dimen126
\Edge@c=\toks32
\X@p=\dimen127
\Y@p=\dimen128
\U@p=\dimen129
\D@p=\dimen130
\L@p=\dimen131
\R@p=\dimen132
\Edge@p=\toks33
\X@origin=\dimen133
\Y@origin=\dimen134
\X@xbase=\dimen135
\Y@xbase=\dimen136
\X@ybase=\dimen137
\Y@ybase=\dimen138
\X@min=\dimen139
\Y@min=\dimen140
\X@max=\dimen141
\Y@max=\dimen142
\lastobjectbox@=\box34
\zerodotbox@=\box35
\almostz@=\dimen143
 direction,
\d@X=\dimen144
\d@Y=\dimen145
\K@=\count117
\KK@=\count118
\Direction=\count119
\K@dXdY=\dimen146
\K@dYdX=\dimen147
\xyread@=\read1
\xywrite@=\write3
\csp@=\count120
\quotPTK@=\dimen148

utility macros; pictures: \xy, positions,
\swaptoks@@=\toks34
\connectobjectbox@@=\box36
 objects,
\styletoks@=\toks35
 decorations;
kernel objects: directionals, circles, text; options; algorithms: directions,
edges, connections;  Xy-pic loaded)
("C:\Users\demid\AppData\Local\Programs\MiKTeX 2.9\tex\generic\oberdiek\ifpdf.s
ty"
Package: ifpdf 2018/09/07 v3.3 Provides the ifpdf switch
)
Package: xy 2013/10/06 Xy-pic version 3.8.9

("C:\Users\demid\AppData\Local\Programs\MiKTeX 2.9\tex\generic\xypic\xyall.tex"
 Xy-pic option: All features v.3.8
("C:\Users\demid\AppData\Local\Programs\MiKTeX 2.9\tex\generic\xypic\xycurve.te
x"  Xy-pic option: Curve and Spline extension v.3.12 curve,
\crv@cnt@=\count121
\crvpts@=\toks36
\splinebox@=\box37
\splineval@=\dimen149
\splinedepth@=\dimen150
\splinetol@=\dimen151
\splinelength@=\dimen152
 circles,
\L@=\dimen153
 loaded)
("C:\Users\demid\AppData\Local\Programs\MiKTeX 2.9\tex\generic\xypic\xyframe.te
x"  Xy-pic option: Frame and Bracket extension v.3.14 loaded)
("C:\Users\demid\AppData\Local\Programs\MiKTeX 2.9\tex\generic\xypic\xycmtip.te
x"  Xy-pic option: Computer Modern tip extension v.3.7
("C:\Users\demid\AppData\Local\Programs\MiKTeX 2.9\tex\generic\xypic\xytips.tex
"  Xy-pic option: More Tips extension v.3.11 loaded) loaded)
("C:\Users\demid\AppData\Local\Programs\MiKTeX 2.9\tex\generic\xypic\xyline.tex
"  Xy-pic option: Line styles extension v.3.10
\xylinethick@=\dimen154
 loaded)
("C:\Users\demid\AppData\Local\Programs\MiKTeX 2.9\tex\generic\xypic\xyrotate.t
ex"  Xy-pic option: Rotate and Scale extension v.3.8 loaded)
("C:\Users\demid\AppData\Local\Programs\MiKTeX 2.9\tex\generic\xypic\xycolor.te
x"  Xy-pic option: Colour extension v.3.11 loaded)
("C:\Users\demid\AppData\Local\Programs\MiKTeX 2.9\tex\generic\xypic\xymatrix.t
ex"  Xy-pic option: Matrix feature v.3.14
\Row=\count122
\Col=\count123
\queue@=\toks37
\queue@@=\toks38
\qcount@=\count124
\qcount@@=\count125
\matrixsize@=\count126
 loaded)
("C:\Users\demid\AppData\Local\Programs\MiKTeX 2.9\tex\generic\xypic\xyarrow.te
x"  Xy-pic option: Arrow and Path feature v.3.9 path, \ar, loaded)
("C:\Users\demid\AppData\Local\Programs\MiKTeX 2.9\tex\generic\xypic\xygraph.te
x"  Xy-pic option: Graph feature v.3.11 loaded) loaded)
("C:\Users\demid\AppData\Local\Programs\MiKTeX 2.9\tex\generic\xypic\xypdf.tex"
 Xy-pic option: PDF driver v.1.7 Xy-pic pdf driver: `color' extension support
("C:\Users\demid\AppData\Local\Programs\MiKTeX 2.9\tex\generic\xypic\xypdf-co.t
ex" loaded) Xy-pic pdf driver: `curve' extension support
("C:\Users\demid\AppData\Local\Programs\MiKTeX 2.9\tex\generic\xypic\xypdf-cu.t
ex" loaded) Xy-pic pdf driver: `frame' extension support
("C:\Users\demid\AppData\Local\Programs\MiKTeX 2.9\tex\generic\xypic\xypdf-fr.t
ex" loaded) Xy-pic pdf driver: `line' extension support
("C:\Users\demid\AppData\Local\Programs\MiKTeX 2.9\tex\generic\xypic\xypdf-li.t
ex" loaded) Xy-pic pdf driver: `rotate' extension support
("C:\Users\demid\AppData\Local\Programs\MiKTeX 2.9\tex\generic\xypic\xypdf-ro.t
ex" loaded) loaded))
("C:\Users\demid\AppData\Local\Programs\MiKTeX 2.9\tex\latex\graphics\graphicx.
sty"
Package: graphicx 2017/06/01 v1.1a Enhanced LaTeX Graphics (DPC,SPQR)

("C:\Users\demid\AppData\Local\Programs\MiKTeX 2.9\tex\latex\graphics\graphics.
sty"
Package: graphics 2017/06/25 v1.2c Standard LaTeX Graphics (DPC,SPQR)

("C:\Users\demid\AppData\Local\Programs\MiKTeX 2.9\tex\latex\graphics\trig.sty"
Package: trig 2016/01/03 v1.10 sin cos tan (DPC)
)
("C:\Users\demid\AppData\Local\Programs\MiKTeX 2.9\tex\latex\graphics-cfg\graph
ics.cfg"
File: graphics.cfg 2016/06/04 v1.11 sample graphics configuration
)
Package graphics Info: Driver file: pdftex.def on input line 99.

("C:\Users\demid\AppData\Local\Programs\MiKTeX 2.9\tex\latex\graphics-def\pdfte
x.def"
File: pdftex.def 2018/01/08 v1.0l Graphics/color driver for pdftex
))
\Gin@req@height=\dimen155
\Gin@req@width=\dimen156
)
("C:\Users\demid\AppData\Local\Programs\MiKTeX 2.9\tex\latex\oberdiek\epstopdf.
sty"
Package: epstopdf 2016/05/15 v2.6 Conversion with epstopdf on the fly (HO)

("C:\Users\demid\AppData\Local\Programs\MiKTeX 2.9\tex\latex\oberdiek\epstopdf-
base.sty"
Package: epstopdf-base 2016/05/15 v2.6 Base part for package epstopdf

("C:\Users\demid\AppData\Local\Programs\MiKTeX 2.9\tex\generic\oberdiek\infware
rr.sty"
Package: infwarerr 2016/05/16 v1.4 Providing info/warning/error messages (HO)
)
("C:\Users\demid\AppData\Local\Programs\MiKTeX 2.9\tex\latex\oberdiek\grfext.st
y"
Package: grfext 2016/05/16 v1.2 Manage graphics extensions (HO)

("C:\Users\demid\AppData\Local\Programs\MiKTeX 2.9\tex\generic\oberdiek\kvdefin
ekeys.sty"
Package: kvdefinekeys 2016/05/16 v1.4 Define keys (HO)

("C:\Users\demid\AppData\Local\Programs\MiKTeX 2.9\tex\generic\oberdiek\ltxcmds
.sty"
Package: ltxcmds 2016/05/16 v1.23 LaTeX kernel commands for general use (HO)
)))
("C:\Users\demid\AppData\Local\Programs\MiKTeX 2.9\tex\latex\oberdiek\kvoptions
.sty"
Package: kvoptions 2016/05/16 v3.12 Key value format for package options (HO)

("C:\Users\demid\AppData\Local\Programs\MiKTeX 2.9\tex\generic\oberdiek\kvsetke
ys.sty"
Package: kvsetkeys 2016/05/16 v1.17 Key value parser (HO)

("C:\Users\demid\AppData\Local\Programs\MiKTeX 2.9\tex\generic\oberdiek\etexcmd
s.sty"
Package: etexcmds 2016/05/16 v1.6 Avoid name clashes with e-TeX commands (HO)

("C:\Users\demid\AppData\Local\Programs\MiKTeX 2.9\tex\generic\oberdiek\ifluate
x.sty"
Package: ifluatex 2016/05/16 v1.4 Provides the ifluatex switch (HO)
Package ifluatex Info: LuaTeX not detected.
)
Package etexcmds Info: Could not find \expanded.
(etexcmds)             That can mean that you are not using pdfTeX 1.50 or
(etexcmds)             that some package has redefined \expanded.
(etexcmds)             In the latter case, load this package earlier.
)))
("C:\Users\demid\AppData\Local\Programs\MiKTeX 2.9\tex\generic\oberdiek\pdftexc
mds.sty"
Package: pdftexcmds 2018/09/10 v0.29 Utility functions of pdfTeX for LuaTeX (HO
)
Package pdftexcmds Info: LuaTeX not detected.
Package pdftexcmds Info: \pdf@primitive is available.
Package pdftexcmds Info: \pdf@ifprimitive is available.
Package pdftexcmds Info: \pdfdraftmode found.
)
Package epstopdf-base Info: Redefining graphics rule for `.eps' on input line 4
38.
Package grfext Info: Graphics extension search list:
(grfext)             [.pdf,.png,.jpg,.mps,.jpeg,.jbig2,.jb2,.PDF,.PNG,.JPG,.JPE
G,.JBIG2,.JB2,.eps]
(grfext)             \AppendGraphicsExtensions on input line 456.
))
("C:\Users\demid\AppData\Local\Programs\MiKTeX 2.9\tex\latex\pgf\frontendlayer\
tikz.sty"
("C:\Users\demid\AppData\Local\Programs\MiKTeX 2.9\tex\latex\pgf\basiclayer\pgf
.sty"
("C:\Users\demid\AppData\Local\Programs\MiKTeX 2.9\tex\latex\pgf\utilities\pgfr
cs.sty"
("C:\Users\demid\AppData\Local\Programs\MiKTeX 2.9\tex\generic\pgf\utilities\pg
futil-common.tex"
\pgfutil@everybye=\toks39
\pgfutil@tempdima=\dimen157
\pgfutil@tempdimb=\dimen158

("C:\Users\demid\AppData\Local\Programs\MiKTeX 2.9\tex\generic\pgf\utilities\pg
futil-common-lists.tex"))
("C:\Users\demid\AppData\Local\Programs\MiKTeX 2.9\tex\generic\pgf\utilities\pg
futil-latex.def"
\pgfutil@abb=\box38

("C:\Users\demid\AppData\Local\Programs\MiKTeX 2.9\tex\latex\ms\everyshi.sty"
Package: everyshi 2001/05/15 v3.00 EveryShipout Package (MS)
))
("C:\Users\demid\AppData\Local\Programs\MiKTeX 2.9\tex\generic\pgf\utilities\pg
frcs.code.tex"
Package: pgfrcs 2015/08/07 v3.0.1a (rcs-revision 1.31)
))
Package: pgf 2015/08/07 v3.0.1a (rcs-revision 1.15)

("C:\Users\demid\AppData\Local\Programs\MiKTeX 2.9\tex\latex\pgf\basiclayer\pgf
core.sty"
("C:\Users\demid\AppData\Local\Programs\MiKTeX 2.9\tex\latex\pgf\systemlayer\pg
fsys.sty"
("C:\Users\demid\AppData\Local\Programs\MiKTeX 2.9\tex\generic\pgf\systemlayer\
pgfsys.code.tex"
Package: pgfsys 2014/07/09 v3.0.1a (rcs-revision 1.48)

("C:\Users\demid\AppData\Local\Programs\MiKTeX 2.9\tex\generic\pgf\utilities\pg
fkeys.code.tex"
\pgfkeys@pathtoks=\toks40
\pgfkeys@temptoks=\toks41

("C:\Users\demid\AppData\Local\Programs\MiKTeX 2.9\tex\generic\pgf\utilities\pg
fkeysfiltered.code.tex"
\pgfkeys@tmptoks=\toks42
))
\pgf@x=\dimen159
\pgf@y=\dimen160
\pgf@xa=\dimen161
\pgf@ya=\dimen162
\pgf@xb=\dimen163
\pgf@yb=\dimen164
\pgf@xc=\dimen165
\pgf@yc=\dimen166
\w@pgf@writea=\write4
\r@pgf@reada=\read2
\c@pgf@counta=\count127
\c@pgf@countb=\count128
\c@pgf@countc=\count129
\c@pgf@countd=\count130
\t@pgf@toka=\toks43
\t@pgf@tokb=\toks44
\t@pgf@tokc=\toks45

("C:\Users\demid\AppData\Local\Programs\MiKTeX 2.9\tex\generic\pgf\systemlayer\
pgf.cfg"
File: pgf.cfg 2008/05/14  (rcs-revision 1.7)
)
Driver file for pgf: pgfsys-pdftex.def

("C:\Users\demid\AppData\Local\Programs\MiKTeX 2.9\tex\generic\pgf\systemlayer\
pgfsys-pdftex.def"
File: pgfsys-pdftex.def 2014/10/11  (rcs-revision 1.35)

("C:\Users\demid\AppData\Local\Programs\MiKTeX 2.9\tex\generic\pgf\systemlayer\
pgfsys-common-pdf.def"
File: pgfsys-common-pdf.def 2013/10/10  (rcs-revision 1.13)
)))
("C:\Users\demid\AppData\Local\Programs\MiKTeX 2.9\tex\generic\pgf\systemlayer\
pgfsyssoftpath.code.tex"
File: pgfsyssoftpath.code.tex 2013/09/09  (rcs-revision 1.9)
\pgfsyssoftpath@smallbuffer@items=\count131
\pgfsyssoftpath@bigbuffer@items=\count132
)
("C:\Users\demid\AppData\Local\Programs\MiKTeX 2.9\tex\generic\pgf\systemlayer\
pgfsysprotocol.code.tex"
File: pgfsysprotocol.code.tex 2006/10/16  (rcs-revision 1.4)
))
("C:\Users\demid\AppData\Local\Programs\MiKTeX 2.9\tex\latex\xcolor\xcolor.sty"
Package: xcolor 2016/05/11 v2.12 LaTeX color extensions (UK)

("C:\Users\demid\AppData\Local\Programs\MiKTeX 2.9\tex\latex\graphics-cfg\color
.cfg"
File: color.cfg 2016/01/02 v1.6 sample color configuration
)
Package xcolor Info: Driver file: pdftex.def on input line 225.
Package xcolor Info: Model `cmy' substituted by `cmy0' on input line 1348.
Package xcolor Info: Model `hsb' substituted by `rgb' on input line 1352.
Package xcolor Info: Model `RGB' extended on input line 1364.
Package xcolor Info: Model `HTML' substituted by `rgb' on input line 1366.
Package xcolor Info: Model `Hsb' substituted by `hsb' on input line 1367.
Package xcolor Info: Model `tHsb' substituted by `hsb' on input line 1368.
Package xcolor Info: Model `HSB' substituted by `hsb' on input line 1369.
Package xcolor Info: Model `Gray' substituted by `gray' on input line 1370.
Package xcolor Info: Model `wave' substituted by `hsb' on input line 1371.
)
("C:\Users\demid\AppData\Local\Programs\MiKTeX 2.9\tex\generic\pgf\basiclayer\p
gfcore.code.tex"
Package: pgfcore 2010/04/11 v3.0.1a (rcs-revision 1.7)

("C:\Users\demid\AppData\Local\Programs\MiKTeX 2.9\tex\generic\pgf\math\pgfmath
.code.tex"
("C:\Users\demid\AppData\Local\Programs\MiKTeX 2.9\tex\generic\pgf\math\pgfmath
calc.code.tex"
("C:\Users\demid\AppData\Local\Programs\MiKTeX 2.9\tex\generic\pgf\math\pgfmath
util.code.tex")
("C:\Users\demid\AppData\Local\Programs\MiKTeX 2.9\tex\generic\pgf\math\pgfmath
parser.code.tex"
\pgfmath@dimen=\dimen167
\pgfmath@count=\count133
\pgfmath@box=\box39
\pgfmath@toks=\toks46
\pgfmath@stack@operand=\toks47
\pgfmath@stack@operation=\toks48
)
("C:\Users\demid\AppData\Local\Programs\MiKTeX 2.9\tex\generic\pgf\math\pgfmath
functions.code.tex"
("C:\Users\demid\AppData\Local\Programs\MiKTeX 2.9\tex\generic\pgf\math\pgfmath
functions.basic.code.tex")
("C:\Users\demid\AppData\Local\Programs\MiKTeX 2.9\tex\generic\pgf\math\pgfmath
functions.trigonometric.code.tex")
("C:\Users\demid\AppData\Local\Programs\MiKTeX 2.9\tex\generic\pgf\math\pgfmath
functions.random.code.tex")
("C:\Users\demid\AppData\Local\Programs\MiKTeX 2.9\tex\generic\pgf\math\pgfmath
functions.comparison.code.tex")
("C:\Users\demid\AppData\Local\Programs\MiKTeX 2.9\tex\generic\pgf\math\pgfmath
functions.base.code.tex")
("C:\Users\demid\AppData\Local\Programs\MiKTeX 2.9\tex\generic\pgf\math\pgfmath
functions.round.code.tex")
("C:\Users\demid\AppData\Local\Programs\MiKTeX 2.9\tex\generic\pgf\math\pgfmath
functions.misc.code.tex")
("C:\Users\demid\AppData\Local\Programs\MiKTeX 2.9\tex\generic\pgf\math\pgfmath
functions.integerarithmetics.code.tex")))
("C:\Users\demid\AppData\Local\Programs\MiKTeX 2.9\tex\generic\pgf\math\pgfmath
float.code.tex"
\c@pgfmathroundto@lastzeros=\count134
))
("C:\Users\demid\AppData\Local\Programs\MiKTeX 2.9\tex\generic\pgf\basiclayer\p
gfcorepoints.code.tex"
File: pgfcorepoints.code.tex 2013/10/07  (rcs-revision 1.27)
\pgf@picminx=\dimen168
\pgf@picmaxx=\dimen169
\pgf@picminy=\dimen170
\pgf@picmaxy=\dimen171
\pgf@pathminx=\dimen172
\pgf@pathmaxx=\dimen173
\pgf@pathminy=\dimen174
\pgf@pathmaxy=\dimen175
\pgf@xx=\dimen176
\pgf@xy=\dimen177
\pgf@yx=\dimen178
\pgf@yy=\dimen179
\pgf@zx=\dimen180
\pgf@zy=\dimen181
)
("C:\Users\demid\AppData\Local\Programs\MiKTeX 2.9\tex\generic\pgf\basiclayer\p
gfcorepathconstruct.code.tex"
File: pgfcorepathconstruct.code.tex 2013/10/07  (rcs-revision 1.29)
\pgf@path@lastx=\dimen182
\pgf@path@lasty=\dimen183
)
("C:\Users\demid\AppData\Local\Programs\MiKTeX 2.9\tex\generic\pgf\basiclayer\p
gfcorepathusage.code.tex"
File: pgfcorepathusage.code.tex 2014/11/02  (rcs-revision 1.24)
\pgf@shorten@end@additional=\dimen184
\pgf@shorten@start@additional=\dimen185
)
("C:\Users\demid\AppData\Local\Programs\MiKTeX 2.9\tex\generic\pgf\basiclayer\p
gfcorescopes.code.tex"
File: pgfcorescopes.code.tex 2015/05/08  (rcs-revision 1.46)
\pgfpic=\box40
\pgf@hbox=\box41
\pgf@layerbox@main=\box42
\pgf@picture@serial@count=\count135
)
("C:\Users\demid\AppData\Local\Programs\MiKTeX 2.9\tex\generic\pgf\basiclayer\p
gfcoregraphicstate.code.tex"
File: pgfcoregraphicstate.code.tex 2014/11/02  (rcs-revision 1.12)
\pgflinewidth=\dimen186
)
("C:\Users\demid\AppData\Local\Programs\MiKTeX 2.9\tex\generic\pgf\basiclayer\p
gfcoretransformations.code.tex"
File: pgfcoretransformations.code.tex 2015/08/07  (rcs-revision 1.20)
\pgf@pt@x=\dimen187
\pgf@pt@y=\dimen188
\pgf@pt@temp=\dimen189
)
("C:\Users\demid\AppData\Local\Programs\MiKTeX 2.9\tex\generic\pgf\basiclayer\p
gfcorequick.code.tex"
File: pgfcorequick.code.tex 2008/10/09  (rcs-revision 1.3)
)
("C:\Users\demid\AppData\Local\Programs\MiKTeX 2.9\tex\generic\pgf\basiclayer\p
gfcoreobjects.code.tex"
File: pgfcoreobjects.code.tex 2006/10/11  (rcs-revision 1.2)
)
("C:\Users\demid\AppData\Local\Programs\MiKTeX 2.9\tex\generic\pgf\basiclayer\p
gfcorepathprocessing.code.tex"
File: pgfcorepathprocessing.code.tex 2013/09/09  (rcs-revision 1.9)
)
("C:\Users\demid\AppData\Local\Programs\MiKTeX 2.9\tex\generic\pgf\basiclayer\p
gfcorearrows.code.tex"
File: pgfcorearrows.code.tex 2015/05/14  (rcs-revision 1.43)
\pgfarrowsep=\dimen190
)
("C:\Users\demid\AppData\Local\Programs\MiKTeX 2.9\tex\generic\pgf\basiclayer\p
gfcoreshade.code.tex"
File: pgfcoreshade.code.tex 2013/07/15  (rcs-revision 1.15)
\pgf@max=\dimen191
\pgf@sys@shading@range@num=\count136
)
("C:\Users\demid\AppData\Local\Programs\MiKTeX 2.9\tex\generic\pgf\basiclayer\p
gfcoreimage.code.tex"
File: pgfcoreimage.code.tex 2013/07/15  (rcs-revision 1.18)

("C:\Users\demid\AppData\Local\Programs\MiKTeX 2.9\tex\generic\pgf\basiclayer\p
gfcoreexternal.code.tex"
File: pgfcoreexternal.code.tex 2014/07/09  (rcs-revision 1.21)
\pgfexternal@startupbox=\box43
))
("C:\Users\demid\AppData\Local\Programs\MiKTeX 2.9\tex\generic\pgf\basiclayer\p
gfcorelayers.code.tex"
File: pgfcorelayers.code.tex 2013/07/18  (rcs-revision 1.7)
)
("C:\Users\demid\AppData\Local\Programs\MiKTeX 2.9\tex\generic\pgf\basiclayer\p
gfcoretransparency.code.tex"
File: pgfcoretransparency.code.tex 2013/09/30  (rcs-revision 1.5)
)
("C:\Users\demid\AppData\Local\Programs\MiKTeX 2.9\tex\generic\pgf\basiclayer\p
gfcorepatterns.code.tex"
File: pgfcorepatterns.code.tex 2013/11/07  (rcs-revision 1.5)
)))
("C:\Users\demid\AppData\Local\Programs\MiKTeX 2.9\tex\generic\pgf\modules\pgfm
oduleshapes.code.tex"
File: pgfmoduleshapes.code.tex 2014/03/21  (rcs-revision 1.35)
\pgfnodeparttextbox=\box44
)
("C:\Users\demid\AppData\Local\Programs\MiKTeX 2.9\tex\generic\pgf\modules\pgfm
oduleplot.code.tex"
File: pgfmoduleplot.code.tex 2015/08/03  (rcs-revision 1.13)
)
("C:\Users\demid\AppData\Local\Programs\MiKTeX 2.9\tex\latex\pgf\compatibility\
pgfcomp-version-0-65.sty"
Package: pgfcomp-version-0-65 2007/07/03 v3.0.1a (rcs-revision 1.7)
\pgf@nodesepstart=\dimen192
\pgf@nodesepend=\dimen193
)
("C:\Users\demid\AppData\Local\Programs\MiKTeX 2.9\tex\latex\pgf\compatibility\
pgfcomp-version-1-18.sty"
Package: pgfcomp-version-1-18 2007/07/23 v3.0.1a (rcs-revision 1.1)
))
("C:\Users\demid\AppData\Local\Programs\MiKTeX 2.9\tex\latex\pgf\utilities\pgff
or.sty"
("C:\Users\demid\AppData\Local\Programs\MiKTeX 2.9\tex\latex\pgf\utilities\pgfk
eys.sty"
("C:\Users\demid\AppData\Local\Programs\MiKTeX 2.9\tex\generic\pgf\utilities\pg
fkeys.code.tex"))
("C:\Users\demid\AppData\Local\Programs\MiKTeX 2.9\tex\latex\pgf\math\pgfmath.s
ty"
("C:\Users\demid\AppData\Local\Programs\MiKTeX 2.9\tex\generic\pgf\math\pgfmath
.code.tex"))
("C:\Users\demid\AppData\Local\Programs\MiKTeX 2.9\tex\generic\pgf\utilities\pg
ffor.code.tex"
Package: pgffor 2013/12/13 v3.0.1a (rcs-revision 1.25)

("C:\Users\demid\AppData\Local\Programs\MiKTeX 2.9\tex\generic\pgf\math\pgfmath
.code.tex")
\pgffor@iter=\dimen194
\pgffor@skip=\dimen195
\pgffor@stack=\toks49
\pgffor@toks=\toks50
))
("C:\Users\demid\AppData\Local\Programs\MiKTeX 2.9\tex\generic\pgf\frontendlaye
r\tikz\tikz.code.tex"
Package: tikz 2015/08/07 v3.0.1a (rcs-revision 1.151)

("C:\Users\demid\AppData\Local\Programs\MiKTeX 2.9\tex\generic\pgf\libraries\pg
flibraryplothandlers.code.tex"
File: pgflibraryplothandlers.code.tex 2013/08/31 v3.0.1a (rcs-revision 1.20)
\pgf@plot@mark@count=\count137
\pgfplotmarksize=\dimen196
)
\tikz@lastx=\dimen197
\tikz@lasty=\dimen198
\tikz@lastxsaved=\dimen199
Normal \dimen register pool exhausted, switching to extended pool.
\tikz@lastysaved=\dimen256
\tikzleveldistance=\dimen257
\tikzsiblingdistance=\dimen258
\tikz@figbox=\box45
\tikz@figbox@bg=\box46
\tikz@tempbox=\box47
\tikz@tempbox@bg=\box48
\tikztreelevel=\count138
\tikznumberofchildren=\count139
\tikznumberofcurrentchild=\count140
\tikz@fig@count=\count141

("C:\Users\demid\AppData\Local\Programs\MiKTeX 2.9\tex\generic\pgf\modules\pgfm
odulematrix.code.tex"
File: pgfmodulematrix.code.tex 2013/09/17  (rcs-revision 1.8)
\pgfmatrixcurrentrow=\count142
\pgfmatrixcurrentcolumn=\count143
\pgf@matrix@numberofcolumns=\count144
)
\tikz@expandcount=\count145

("C:\Users\demid\AppData\Local\Programs\MiKTeX 2.9\tex\generic\pgf\frontendlaye
r\tikz\libraries\tikzlibrarytopaths.code.tex"
File: tikzlibrarytopaths.code.tex 2008/06/17 v3.0.1a (rcs-revision 1.2)
)))
("C:\Users\demid\AppData\Local\Programs\MiKTeX 2.9\tex\latex\pgfplots\pgfplots.
sty"
("C:\Users\demid\AppData\Local\Programs\MiKTeX 2.9\tex\generic\pgfplots\pgfplot
s.revision.tex")
Package: pgfplots 2018/03/28 v1.16 Data Visualization (1.16)

("C:\Users\demid\AppData\Local\Programs\MiKTeX 2.9\tex\generic\pgfplots\pgfplot
s.code.tex"
("C:\Users\demid\AppData\Local\Programs\MiKTeX 2.9\tex\generic\pgfplots\pgfplot
score.code.tex"
\t@pgfplots@toka=\toks51
\t@pgfplots@tokb=\toks52
\t@pgfplots@tokc=\toks53
\pgfplots@tmpa=\dimen259
\c@pgfplots@coordindex=\count146
\c@pgfplots@scanlineindex=\count147

("C:\Users\demid\AppData\Local\Programs\MiKTeX 2.9\tex\generic\pgfplots\sys\pgf
plotssysgeneric.code.tex"))
("C:\Users\demid\AppData\Local\Programs\MiKTeX 2.9\tex\generic\pgfplots\libs\pg
fplotslibrary.code.tex")
("C:\Users\demid\AppData\Local\Programs\MiKTeX 2.9\tex\generic\pgfplots\oldpgfc
ompatib\pgfplotsoldpgfsupp_loader.code.tex"
("C:\Users\demid\AppData\Local\Programs\MiKTeX 2.9\tex\generic\pgf\libraries\pg
flibraryfpu.code.tex")
Package pgfplots: loading complementary arithmetics for your pgf version...

("C:\Users\demid\AppData\Local\Programs\MiKTeX 2.9\tex\generic\pgfplots\oldpgfc
ompatib\pgfplotsoldpgfsupp_pgflibraryfpu.code.tex")
("C:\Users\demid\AppData\Local\Programs\MiKTeX 2.9\tex\generic\pgfplots\oldpgfc
ompatib\pgfplotsoldpgfsupp_pgfmathfloat.code.tex"
\c@pgfmathroundto@lastzeros=\count148
)
("C:\Users\demid\AppData\Local\Programs\MiKTeX 2.9\tex\generic\pgfplots\oldpgfc
ompatib\pgfplotsoldpgfsupp_leq.code.tex"))
("C:\Users\demid\AppData\Local\Programs\MiKTeX 2.9\tex\generic\pgfplots\util\pg
fplotsutil.code.tex"
("C:\Users\demid\AppData\Local\Programs\MiKTeX 2.9\tex\generic\pgfplots\liststr
ucture\pgfplotsliststructure.code.tex")
("C:\Users\demid\AppData\Local\Programs\MiKTeX 2.9\tex\generic\pgfplots\liststr
ucture\pgfplotsliststructureext.code.tex")
("C:\Users\demid\AppData\Local\Programs\MiKTeX 2.9\tex\generic\pgfplots\liststr
ucture\pgfplotsarray.code.tex"
\c@pgfplotsarray@tmp=\count149
)
("C:\Users\demid\AppData\Local\Programs\MiKTeX 2.9\tex\generic\pgfplots\liststr
ucture\pgfplotsmatrix.code.tex")
("C:\Users\demid\AppData\Local\Programs\MiKTeX 2.9\tex\generic\pgfplots\numtabl
e\pgfplotstableshared.code.tex"
\c@pgfplotstable@counta=\count150
\t@pgfplotstable@a=\toks54
)
("C:\Users\demid\AppData\Local\Programs\MiKTeX 2.9\tex\generic\pgfplots\liststr
ucture\pgfplotsdeque.code.tex")
("C:\Users\demid\AppData\Local\Programs\MiKTeX 2.9\tex\generic\pgfplots\util\pg
fplotsbinary.code.tex"
("C:\Users\demid\AppData\Local\Programs\MiKTeX 2.9\tex\generic\pgfplots\util\pg
fplotsbinary.data.code.tex"))
("C:\Users\demid\AppData\Local\Programs\MiKTeX 2.9\tex\generic\pgfplots\util\pg
fplotsutil.verb.code.tex")
("C:\Users\demid\AppData\Local\Programs\MiKTeX 2.9\tex\generic\pgfplots\libs\pg
flibrarypgfplots.surfshading.code.tex"
\c@pgfplotslibrarysurf@no=\count151

("C:\Users\demid\AppData\Local\Programs\MiKTeX 2.9\tex\generic\pgfplots\sys\pgf
librarypgfplots.surfshading.pgfsys-pdftex.def")))
("C:\Users\demid\AppData\Local\Programs\MiKTeX 2.9\tex\generic\pgfplots\util\pg
fplotscolormap.code.tex"
("C:\Users\demid\AppData\Local\Programs\MiKTeX 2.9\tex\generic\pgfplots\util\pg
fplotscolor.code.tex"))
("C:\Users\demid\AppData\Local\Programs\MiKTeX 2.9\tex\generic\pgfplots\pgfplot
sstackedplots.code.tex")
("C:\Users\demid\AppData\Local\Programs\MiKTeX 2.9\tex\generic\pgfplots\pgfplot
splothandlers.code.tex"
("C:\Users\demid\AppData\Local\Programs\MiKTeX 2.9\tex\generic\pgfplots\pgfplot
smeshplothandler.code.tex"
("C:\Users\demid\AppData\Local\Programs\MiKTeX 2.9\tex\generic\pgfplots\pgfplot
smeshplotimage.code.tex")))
("C:\Users\demid\AppData\Local\Programs\MiKTeX 2.9\tex\generic\pgfplots\pgfplot
s.scaling.code.tex")
("C:\Users\demid\AppData\Local\Programs\MiKTeX 2.9\tex\generic\pgfplots\pgfplot
scoordprocessing.code.tex")
("C:\Users\demid\AppData\Local\Programs\MiKTeX 2.9\tex\generic\pgfplots\pgfplot
s.errorbars.code.tex")
("C:\Users\demid\AppData\Local\Programs\MiKTeX 2.9\tex\generic\pgfplots\pgfplot
s.markers.code.tex")
("C:\Users\demid\AppData\Local\Programs\MiKTeX 2.9\tex\generic\pgfplots\pgfplot
sticks.code.tex")
("C:\Users\demid\AppData\Local\Programs\MiKTeX 2.9\tex\generic\pgfplots\pgfplot
s.paths.code.tex")
("C:\Users\demid\AppData\Local\Programs\MiKTeX 2.9\tex\generic\pgf\frontendlaye
r\tikz\libraries\tikzlibrarydecorations.code.tex"
("C:\Users\demid\AppData\Local\Programs\MiKTeX 2.9\tex\generic\pgf\modules\pgfm
oduledecorations.code.tex"
\pgfdecoratedcompleteddistance=\dimen260
\pgfdecoratedremainingdistance=\dimen261
\pgfdecoratedinputsegmentcompleteddistance=\dimen262
\pgfdecoratedinputsegmentremainingdistance=\dimen263
\pgf@decorate@distancetomove=\dimen264
\pgf@decorate@repeatstate=\count152
\pgfdecorationsegmentamplitude=\dimen265
\pgfdecorationsegmentlength=\dimen266
)
\tikz@lib@dec@box=\box49
)
("C:\Users\demid\AppData\Local\Programs\MiKTeX 2.9\tex\generic\pgf\frontendlaye
r\tikz\libraries\tikzlibrarydecorations.pathmorphing.code.tex"
("C:\Users\demid\AppData\Local\Programs\MiKTeX 2.9\tex\generic\pgf\libraries\de
corations\pgflibrarydecorations.pathmorphing.code.tex"))
("C:\Users\demid\AppData\Local\Programs\MiKTeX 2.9\tex\generic\pgf\frontendlaye
r\tikz\libraries\tikzlibrarydecorations.pathreplacing.code.tex"
("C:\Users\demid\AppData\Local\Programs\MiKTeX 2.9\tex\generic\pgf\libraries\de
corations\pgflibrarydecorations.pathreplacing.code.tex"))
\pgfplots@numplots=\count153
\pgfplots@xmin@reg=\dimen267
\pgfplots@xmax@reg=\dimen268
\pgfplots@ymin@reg=\dimen269
\pgfplots@ymax@reg=\dimen270
\pgfplots@zmin@reg=\dimen271
\pgfplots@zmax@reg=\dimen272
)
("C:\Users\demid\AppData\Local\Programs\MiKTeX 2.9\tex\generic\pgf\frontendlaye
r\tikz\libraries\tikzlibraryplotmarks.code.tex"
File: tikzlibraryplotmarks.code.tex 2008/01/09 v3.0.1a (rcs-revision 1.1)

("C:\Users\demid\AppData\Local\Programs\MiKTeX 2.9\tex\generic\pgf\libraries\pg
flibraryplotmarks.code.tex"
File: pgflibraryplotmarks.code.tex 2015/08/03 v3.0.1a (rcs-revision 1.14)
)))
("C:\Users\demid\AppData\Local\Programs\MiKTeX 2.9\tex\latex\url\url.sty"
\Urlmuskip=\muskip11
Package: url 2013/09/16  ver 3.4  Verb mode for urls, etc.
)
("C:\Users\demid\AppData\Local\Programs\MiKTeX 2.9\tex\latex\base\makeidx.sty"
Package: makeidx 2014/09/29 v1.0m Standard LaTeX package
)
("C:\Users\demid\AppData\Local\Programs\MiKTeX 2.9\tex\latex\pb-diagram\pb-diag
ram.sty"
\dgARROWLENGTH=\skip62
\dgTEXTARROWLENGTH=\skip63
\dgHORIZPAD=\skip64
\dgVERTPAD=\skip65
\dgLABELOFFSET=\skip66
\dgARROWPARTS=\count154
\dgDOTSPACING=\skip67
\dgDOTSIZE=\skip68
\dgMAXSQUARE=\count155
\dgMINDBLSQ=\count156
\dgCOLUMNWIDTH=\skip69
\dg@HORIZ=\count157
\dg@VERT=\count158
\dg@XLPAD=\count159
\dg@YBPAD=\count160
\dg@XRPAD=\count161
\dg@YTPAD=\count162
\dg@X=\count163
\dg@Y=\count164
\dg@XGRID=\count165
\dg@YGRID=\count166
\dg@SIZE=\count167
\dg@USERSIZE=\count168
\dg@DX=\count169
\dg@DY=\count170
\dg@XLBL=\count171
\dg@YLBL=\count172
\dg@XOFFSET=\count173
\dg@YOFFSET=\count174
\dg@LBLOFF=\count175
\dg@XLBLOFF=\count176
\dg@YLBLOFF=\count177
\dg@LBLPOS=\count178
\dg@XTEMP=\count179
\dg@YTEMP=\count180
\dg@ZTEMP=\count181
\dg@XNODE=\count182
\dg@YNODE=\count183
\dg@XEND=\count184
\dg@YEND=\count185
\dg@WEND=\count186
\dg@HEND=\count187
\dg@COUNT=\count188
\dg@NODEBOX=\box50
\dg@LABONEBOX=\box51
\dg@LABTWOBOX=\box52
)
("C:\Users\demid\AppData\Local\Programs\MiKTeX 2.9\tex\latex\subfig\subfig.sty"
Package: subfig 2005/06/28 ver: 1.3 subfig package

("C:\Users\demid\AppData\Local\Programs\MiKTeX 2.9\tex\latex\caption\caption.st
y"
Package: caption 2018/10/06 v3.3-154 Customizing captions (AR)

("C:\Users\demid\AppData\Local\Programs\MiKTeX 2.9\tex\latex\caption\caption3.s
ty"
Package: caption3 2018/09/12 v1.8c caption3 kernel (AR)
Package caption3 Info: TeX engine: e-TeX on input line 64.
\captionmargin=\dimen273
\captionmargin@=\dimen274
\captionwidth=\dimen275
\caption@tempdima=\dimen276
\caption@indent=\dimen277
\caption@parindent=\dimen278
\caption@hangindent=\dimen279
)
\c@caption@flags=\count189
\c@ContinuedFloat=\count190
Package caption Info: float package is loaded.
)
\c@KVtest=\count191
\sf@farskip=\skip70
\sf@captopadj=\dimen280
\sf@capskip=\skip71
\sf@nearskip=\skip72
\c@subfigure=\count192
\c@subfigure@save=\count193
\c@lofdepth=\count194
\c@subtable=\count195
\c@subtable@save=\count196
\c@lotdepth=\count197
\sf@top=\skip73
\sf@bottom=\skip74
)
\vskipBeforeTitle=\skip75
\vskipAfterTitle=\skip76
\vskipBeforeSecondaryTitle=\skip77
\c@sectionCounter=\count198
\c@paragraphCounter=\count199
Normal \count register pool exhausted, switching to extended pool.
\c@PaperNo=\count277
\@minsofar=\count278
\@min=\count279
\@cite@temp=\count280
\c@mmroTotal=\count281
\c@mmroCorrected=\count282
\c@mmroReviewed=\count283
\c@mmroAccepted=\count284
\c@mmroMayBeCompleted=\count285
\c@mmroMustBeCompleted=\count286
\c@mmroRejected=\count287
\c@mmroReviewerNote=\count288
\c@mmroTotalReviewedPapers=\count289
\c@mmroTotalReviewerNotes=\count290
\c@mmroFinalReviewerNotes=\count291
\c@@authors@no=\count292
\c@TodoCount=\count293
\c@PictureNo=\count294
\c@Theorem=\count295
\c@State=\count296
\c@Corollary=\count297
\c@Def=\count298
\c@Axiom=\count299
\c@Hypothesis=\count300
\c@Assumption=\count301
\c@Problem=\count302
\c@Example=\count303
\c@Fact=\count304
\c@Remark=\count305
\c@Notice=\count306
\c@Rule=\count307
\c@Condition=\count308
) (Demidova2018Project25.aux)
\openout1 = `Demidova2018Project25.aux'.

LaTeX Font Info:    Checking defaults for OML/cmm/m/it on input line 47.
LaTeX Font Info:    ... okay on input line 47.
LaTeX Font Info:    Checking defaults for T1/cmr/m/n on input line 47.
LaTeX Font Info:    ... okay on input line 47.
LaTeX Font Info:    Checking defaults for OT1/cmr/m/n on input line 47.
LaTeX Font Info:    ... okay on input line 47.
LaTeX Font Info:    Checking defaults for OMS/cmsy/m/n on input line 47.
LaTeX Font Info:    ... okay on input line 47.
LaTeX Font Info:    Checking defaults for OMX/cmex/m/n on input line 47.
LaTeX Font Info:    ... okay on input line 47.
LaTeX Font Info:    Checking defaults for U/cmr/m/n on input line 47.
LaTeX Font Info:    ... okay on input line 47.
LaTeX Font Info:    Checking defaults for T2A/cmr/m/n on input line 47.
LaTeX Font Info:    ... okay on input line 47.
<<ot1.cmap>><<oml.cmap>><<oms.cmap>><<omx.cmap>>
LaTeX Font Info:    Try loading font information for U+msa on input line 47.

("C:\Users\demid\AppData\Local\Programs\MiKTeX 2.9\tex\latex\amsfonts\umsa.fd"
File: umsa.fd 2013/01/14 v3.01 AMS symbols A
)
LaTeX Font Info:    Try loading font information for U+msb on input line 47.
("C:\Users\demid\AppData\Local\Programs\MiKTeX 2.9\tex\latex\amsfonts\umsb.fd"
File: umsb.fd 2013/01/14 v3.01 AMS symbols B
)
LaTeX Font Info:    Try loading font information for U+rsfs on input line 47.
("C:\Users\demid\AppData\Local\Programs\MiKTeX 2.9\tex\latex\jknappen\ursfs.fd"
File: ursfs.fd 1998/03/24 rsfs font definition file (jk)
)
Package xypdf Info: Line width: 0.47998pt on input line 47.

("C:\Users\demid\AppData\Local\Programs\MiKTeX 2.9\tex\context\base\supp-pdf.mk
ii"
[Loading MPS to PDF converter (version 2006.09.02).]
\scratchcounter=\count309
\scratchdimen=\dimen281
\scratchbox=\box53
\nofMPsegments=\count310
\nofMParguments=\count311
\everyMPshowfont=\toks55
\MPscratchCnt=\count312
\MPscratchDim=\dimen282
\MPnumerator=\count313
\makeMPintoPDFobject=\count314
\everyMPtoPDFconversion=\toks56
) ABD: EveryShipout initializing macros

Package pgfplots Warning: running in backwards compatibility mode (unsuitable t
ick labels; missing features). Consider writing \pgfplotsset{compat=1.16} into 
your preamble.
 on input line 47.

Package caption Info: Begin \AtBeginDocument code.
Package caption Info: subfig package v1.3 is loaded.
Package caption Info: End \AtBeginDocument code.
LaTeX Font Info:    Try loading font information for T2A+cmss on input line 48.


("C:\Users\demid\AppData\Local\Programs\MiKTeX 2.9\tex\latex\cyrillic\t2acmss.f
d"
File: t2acmss.fd 2001/08/11 v1.0a Computer Modern Cyrillic font definitions
)
LaTeX Font Info:    Try loading font information for T2A+cmtt on input line 48.


("C:\Users\demid\AppData\Local\Programs\MiKTeX 2.9\tex\latex\cyrillic\t2acmtt.f
d"
File: t2acmtt.fd 2001/08/11 v1.0a Computer Modern Cyrillic font definitions
)
Underfull \hbox (badness 10000) has occurred while \output is active

 []


Package Fancyhdr Warning: \headheight is too small (12.0pt): 
 Make it at least 14.49998pt.
 We now make it that large for the rest of the document.
 This may cause the page layout to be inconsistent, however.

[1{C:/Users/demid/AppData/Local/MiKTeX/2.9/pdftex/config/pdftex.map}


]
Package epstopdf Info: Source file: <fig1.eps>
(epstopdf)                    date: 2018-12-09 20:01:48
(epstopdf)                    size: 62449 bytes
(epstopdf)             Output file: <fig1-eps-converted-to.pdf>
(epstopdf)                    date: 2018-12-09 21:23:34
(epstopdf)                    size: 48429 bytes
(epstopdf)             Command: <epstopdf --outfile=fig1-eps-converted-to.pdf f
ig1.eps>
(epstopdf)             \includegraphics on input line 59.
Package epstopdf Info: Output file is already uptodate.


pdfTeX warning: pdflatex.exe (file ./fig1-eps-converted-to.pdf): PDF inclusion:
 found PDF version <1.7>, but at most version <1.5> allowed
<fig1-eps-converted-to.pdf, id=26, 568.1225pt x 374.39874pt>
File: fig1-eps-converted-to.pdf Graphic file (type pdf)
<use fig1-eps-converted-to.pdf>
Package pdftex.def Info: fig1-eps-converted-to.pdf  used on input line 59.
(pdftex.def)             Requested size: 483.69684pt x 318.77173pt.

Underfull \vbox (badness 10000) has occurred while \output is active []


Underfull \hbox (badness 10000) has occurred while \output is active

 []

[2 <./fig1-eps-converted-to.pdf>]
Underfull \hbox (badness 10000) has occurred while \output is active

 []

[3]
Underfull \hbox (badness 10000) in paragraph at lines 129--130

 []

Package epstopdf Info: Source file: <1.eps>
(epstopdf)                    date: 2018-12-09 21:38:31
(epstopdf)                    size: 15675 bytes
(epstopdf)             Output file: <1-eps-converted-to.pdf>
(epstopdf)             Command: <epstopdf --outfile=1-eps-converted-to.pdf 1.ep
s>
(epstopdf)             \includegraphics on input line 133.
runsystem(epstopdf --outfile=1-eps-converted-to.pdf 1.eps)...executed (allowed)
.

Package epstopdf Info: Result file: <1-eps-converted-to.pdf>
(epstopdf)                    date: 2018-12-09 21:41:42
(epstopdf)                    size: 12683 bytes.


pdfTeX warning: pdflatex.exe (file ./1-eps-converted-to.pdf): PDF inclusion: fo
und PDF version <1.7>, but at most version <1.5> allowed
<1-eps-converted-to.pdf, id=40, 1212.53pt x 91.34125pt>
File: 1-eps-converted-to.pdf Graphic file (type pdf)
<use 1-eps-converted-to.pdf>
Package pdftex.def Info: 1-eps-converted-to.pdf  used on input line 133.
(pdftex.def)             Requested size: 483.69684pt x 36.43689pt.
Package epstopdf Info: Source file: <2.eps>
(epstopdf)                    date: 2018-12-09 21:39:06
(epstopdf)                    size: 7784 bytes
(epstopdf)             Output file: <2-eps-converted-to.pdf>
(epstopdf)             Command: <epstopdf --outfile=2-eps-converted-to.pdf 2.ep
s>
(epstopdf)             \includegraphics on input line 139.
runsystem(epstopdf --outfile=2-eps-converted-to.pdf 2.eps)...executed (allowed)
.

Package epstopdf Info: Result file: <2-eps-converted-to.pdf>
(epstopdf)                    date: 2018-12-09 21:41:43
(epstopdf)                    size: 7457 bytes.


pdfTeX warning: pdflatex.exe (file ./2-eps-converted-to.pdf): PDF inclusion: fo
und PDF version <1.7>, but at most version <1.5> allowed
<2-eps-converted-to.pdf, id=41, 430.60875pt x 135.50626pt>
File: 2-eps-converted-to.pdf Graphic file (type pdf)
<use 2-eps-converted-to.pdf>
Package pdftex.def Info: 2-eps-converted-to.pdf  used on input line 139.
(pdftex.def)             Requested size: 338.5863pt x 106.55045pt.
Package epstopdf Info: Source file: <3.eps>
(epstopdf)                    date: 2018-12-09 21:39:39
(epstopdf)                    size: 16520 bytes
(epstopdf)             Output file: <3-eps-converted-to.pdf>
(epstopdf)             Command: <epstopdf --outfile=3-eps-converted-to.pdf 3.ep
s>
(epstopdf)             \includegraphics on input line 145.
runsystem(epstopdf --outfile=3-eps-converted-to.pdf 3.eps)...executed (allowed)
.

Package epstopdf Info: Result file: <3-eps-converted-to.pdf>
(epstopdf)                    date: 2018-12-09 21:41:44
(epstopdf)                    size: 15075 bytes.


pdfTeX warning: pdflatex.exe (file ./3-eps-converted-to.pdf): PDF inclusion: fo
und PDF version <1.7>, but at most version <1.5> allowed
<3-eps-converted-to.pdf, id=42, 673.51625pt x 133.49875pt>
File: 3-eps-converted-to.pdf Graphic file (type pdf)
<use 3-eps-converted-to.pdf>
Package pdftex.def Info: 3-eps-converted-to.pdf  used on input line 145.
(pdftex.def)             Requested size: 435.32419pt x 86.28629pt.
Package epstopdf Info: Source file: <4.eps>
(epstopdf)                    date: 2018-12-09 21:40:19
(epstopdf)                    size: 28955 bytes
(epstopdf)             Output file: <4-eps-converted-to.pdf>
(epstopdf)             Command: <epstopdf --outfile=4-eps-converted-to.pdf 4.ep
s>
(epstopdf)             \includegraphics on input line 151.
runsystem(epstopdf --outfile=4-eps-converted-to.pdf 4.eps)...executed (allowed)
.

Package epstopdf Info: Result file: <4-eps-converted-to.pdf>
(epstopdf)                    date: 2018-12-09 21:41:45
(epstopdf)                    size: 26540 bytes.


pdfTeX warning: pdflatex.exe (file ./4-eps-converted-to.pdf): PDF inclusion: fo
und PDF version <1.7>, but at most version <1.5> allowed
<4-eps-converted-to.pdf, id=43, 493.845pt x 380.42125pt>
File: 4-eps-converted-to.pdf Graphic file (type pdf)
<use 4-eps-converted-to.pdf>
Package pdftex.def Info: 4-eps-converted-to.pdf  used on input line 151.
(pdftex.def)             Requested size: 338.5863pt x 260.81917pt.

Underfull \hbox (badness 10000) has occurred while \output is active

 []

[4]
Underfull \hbox (badness 10000) has occurred while \output is active

 []

[5 <./1-eps-converted-to.pdf> <./2-eps-converted-to.pdf> <./3-eps-converted-to.
pdf> <./4-eps-converted-to.pdf>]<<ot1tt.cmap>>
Underfull \hbox (badness 10000) has occurred while \output is active

 []

[6]
Underfull \hbox (badness 10000) has occurred while \output is active

 []

[7] (Demidova2018Project25.aux) ) 
Here is how much of TeX's memory you used:
 29334 strings out of 492970
 681244 string characters out of 3126594
 908014 words of memory out of 3000000
 32487 multiletter control sequences out of 15000+200000
 38972 words of font info for 110 fonts, out of 3000000 for 9000
 1144 hyphenation exceptions out of 8191
 69i,15n,98p,3442b,609s stack positions out of 5000i,500n,10000p,200000b,50000s
 <C:\Users\demid\AppData\Local\MiKTeX\2.9\font
s\pk\ljfour\lh\lh-t2a\dpi600\lass1095.pk> <C:\Users\demid\AppData\Local\MiKTeX\
2.9\fonts\pk\ljfour\lh\lh-t2a\dpi600\labx1200.pk> <C:\Users\demid\AppData\Local
\MiKTeX\2.9\fonts\pk\ljfour\lh\lh-t2a\dpi600\larm1200.pk> <C:\Users\demid\AppDa
ta\Local\MiKTeX\2.9\fonts\pk\ljfour\lh\lh-t2a\dpi600\lasx1440.pk> <C:\Users\dem
id\AppData\Local\MiKTeX\2.9\fonts\pk\ljfour\lh\lh-t2a\dpi600\lati1095.pk> <C:\U
sers\demid\AppData\Local\MiKTeX\2.9\fonts\pk\ljfour\lh\lh-t2a\dpi600\labx1095.p
k> <C:\Users\demid\AppData\Local\MiKTeX\2.9\fonts\pk\ljfour\lh\lh-t2a\dpi600\la
rm1095.pk> <C:\Users\demid\AppData\Local\MiKTeX\2.9\fonts\pk\ljfour\lh\lh-t2a\d
pi600\latt1200.pk> <C:\Users\demid\AppData\Local\MiKTeX\2.9\fonts\pk\ljfour\lh\
lh-t2a\dpi600\labi1200.pk> <C:\Users\demid\AppData\Local\MiKTeX\2.9\fonts\pk\lj
four\lh\lh-t2a\dpi600\lasx1728.pk> <C:\Users\demid\AppData\Local\MiKTeX\2.9\fon
ts\pk\ljfour\lh\lh-t2a\dpi600\larm1000.pk><C:/Users/demid/AppData/Local/Program
s/MiKTeX 2.9/fonts/type1/public/amsfonts/cm/cmbx10.pfb><C:/Users/demid/AppData/
Local/Programs/MiKTeX 2.9/fonts/type1/public/amsfonts/cm/cmbx12.pfb><C:/Users/d
emid/AppData/Local/Programs/MiKTeX 2.9/fonts/type1/public/amsfonts/cm/cmbxti10.
pfb><C:/Users/demid/AppData/Local/Programs/MiKTeX 2.9/fonts/type1/public/amsfon
ts/cm/cmex10.pfb><C:/Users/demid/AppData/Local/Programs/MiKTeX 2.9/fonts/type1/
public/amsfonts/cm/cmmi10.pfb><C:/Users/demid/AppData/Local/Programs/MiKTeX 2.9
/fonts/type1/public/amsfonts/cm/cmmi12.pfb><C:/Users/demid/AppData/Local/Progra
ms/MiKTeX 2.9/fonts/type1/public/amsfonts/cm/cmmi7.pfb><C:/Users/demid/AppData/
Local/Programs/MiKTeX 2.9/fonts/type1/public/amsfonts/cm/cmmi8.pfb><C:/Users/de
mid/AppData/Local/Programs/MiKTeX 2.9/fonts/type1/public/amsfonts/cm/cmmib10.pf
b><C:/Users/demid/AppData/Local/Programs/MiKTeX 2.9/fonts/type1/public/amsfonts
/cm/cmr10.pfb><C:/Users/demid/AppData/Local/Programs/MiKTeX 2.9/fonts/type1/pub
lic/amsfonts/cm/cmr12.pfb><C:/Users/demid/AppData/Local/Programs/MiKTeX 2.9/fon
ts/type1/public/amsfonts/cm/cmr6.pfb><C:/Users/demid/AppData/Local/Programs/MiK
TeX 2.9/fonts/type1/public/amsfonts/cm/cmr7.pfb><C:/Users/demid/AppData/Local/P
rograms/MiKTeX 2.9/fonts/type1/public/amsfonts/cm/cmr8.pfb><C:/Users/demid/AppD
ata/Local/Programs/MiKTeX 2.9/fonts/type1/public/amsfonts/cm/cmssbx10.pfb><C:/U
sers/demid/AppData/Local/Programs/MiKTeX 2.9/fonts/type1/public/amsfonts/cm/cms
y10.pfb><C:/Users/demid/AppData/Local/Programs/MiKTeX 2.9/fonts/type1/public/am
sfonts/cm/cmsy7.pfb><C:/Users/demid/AppData/Local/Programs/MiKTeX 2.9/fonts/typ
e1/public/amsfonts/cm/cmsy8.pfb><C:/Users/demid/AppData/Local/Programs/MiKTeX 2
.9/fonts/type1/public/amsfonts/cm/cmti10.pfb><C:/Users/demid/AppData/Local/Prog
rams/MiKTeX 2.9/fonts/type1/public/amsfonts/cm/cmtt12.pfb>
Output written on Demidova2018Project25.pdf (7 pages, 489992 bytes).
PDF statistics:
 632 PDF objects out of 1000 (max. 8388607)
 0 named destinations out of 1000 (max. 500000)
 62 words of extra memory for PDF output out of 10000 (max. 10000000)

